<?xml version="1.0" encoding="UTF-8"?>
<testng-results ignored="0" total="6" passed="6" failed="0" skipped="0">
  <reporter-output>
  </reporter-output>
  <suite started-at="2024-06-26T00:13:12 IST" name="Surefire suite" finished-at="2024-06-26T00:14:30 IST" duration-ms="77786">
    <groups>
      <group name="cucumber">
        <method signature="AbstractTestNGCucumberTests.runScenario(io.cucumber.testng.PickleWrapper,io.cucumber.testng.FeatureWrapper)[pri:0, instance:CucumberOptions.TestNGTestRunner@78e117e3]" name="runScenario" class="io.cucumber.testng.AbstractTestNGCucumberTests"/>
      </group> <!-- cucumber -->
    </groups>
    <test started-at="2024-06-26T00:13:12 IST" name="Surefire test" finished-at="2024-06-26T00:14:30 IST" duration-ms="77786">
      <class name="CucumberOptions.TestNGTestRunner">
        <test-method is-config="true" signature="setUpClass(org.testng.ITestContext)[pri:0, instance:CucumberOptions.TestNGTestRunner@78e117e3]" started-at="2024-06-26T00:13:12 IST" name="setUpClass" finished-at="2024-06-26T00:13:14 IST" duration-ms="1241" status="PASS">
          <params>
            <param index="0">
              <value>
                <![CDATA[org.testng.TestRunner@3704122f]]>
              </value>
            </param>
          </params>
          <reporter-output>
          </reporter-output>
        </test-method> <!-- setUpClass -->
        <test-method signature="runScenario(io.cucumber.testng.PickleWrapper,io.cucumber.testng.FeatureWrapper)[pri:0, instance:CucumberOptions.TestNGTestRunner@78e117e3]" started-at="2024-06-26T00:13:14 IST" name="runScenario" description="Runs Cucumber Scenarios" data-provider="scenarios" finished-at="2024-06-26T00:14:28 IST" duration-ms="74521" status="PASS">
          <params>
            <param index="0">
              <value>
                <![CDATA["searching a product and proceed to checkout"]]>
              </value>
            </param>
            <param index="1">
              <value>
                <![CDATA["Checking out a product"]]>
              </value>
            </param>
          </params>
          <reporter-output>
          </reporter-output>
        </test-method> <!-- runScenario -->
        <test-method signature="runScenario(io.cucumber.testng.PickleWrapper,io.cucumber.testng.FeatureWrapper)[pri:0, instance:CucumberOptions.TestNGTestRunner@78e117e3]" started-at="2024-06-26T00:13:14 IST" name="runScenario" description="Runs Cucumber Scenarios" data-provider="scenarios" finished-at="2024-06-26T00:14:29 IST" duration-ms="74830" status="PASS">
          <params>
            <param index="0">
              <value>
                <![CDATA["searching a product and proceed to checkout"]]>
              </value>
            </param>
            <param index="1">
              <value>
                <![CDATA["Checking out a product"]]>
              </value>
            </param>
          </params>
          <reporter-output>
          </reporter-output>
        </test-method> <!-- runScenario -->
        <test-method signature="runScenario(io.cucumber.testng.PickleWrapper,io.cucumber.testng.FeatureWrapper)[pri:0, instance:CucumberOptions.TestNGTestRunner@78e117e3]" started-at="2024-06-26T00:13:14 IST" name="runScenario" description="Runs Cucumber Scenarios" data-provider="scenarios" finished-at="2024-06-26T00:14:29 IST" duration-ms="75017" status="PASS">
          <params>
            <param index="0">
              <value>
                <![CDATA["Search experience for product in both home page and product page"]]>
              </value>
            </param>
            <param index="1">
              <value>
                <![CDATA["Search and place orderfor product"]]>
              </value>
            </param>
          </params>
          <reporter-output>
          </reporter-output>
        </test-method> <!-- runScenario -->
        <test-method signature="runScenario(io.cucumber.testng.PickleWrapper,io.cucumber.testng.FeatureWrapper)[pri:0, instance:CucumberOptions.TestNGTestRunner@78e117e3]" started-at="2024-06-26T00:13:14 IST" name="runScenario" description="Runs Cucumber Scenarios" data-provider="scenarios" finished-at="2024-06-26T00:14:27 IST" duration-ms="73696" status="PASS">
          <params>
            <param index="0">
              <value>
                <![CDATA["searching a product and proceed to checkout"]]>
              </value>
            </param>
            <param index="1">
              <value>
                <![CDATA["Checking out a product"]]>
              </value>
            </param>
          </params>
          <reporter-output>
          </reporter-output>
        </test-method> <!-- runScenario -->
        <test-method signature="runScenario(io.cucumber.testng.PickleWrapper,io.cucumber.testng.FeatureWrapper)[pri:0, instance:CucumberOptions.TestNGTestRunner@78e117e3]" started-at="2024-06-26T00:13:14 IST" name="runScenario" description="Runs Cucumber Scenarios" data-provider="scenarios" finished-at="2024-06-26T00:14:29 IST" duration-ms="75097" status="PASS">
          <params>
            <param index="0">
              <value>
                <![CDATA["Search experience for product in both home page and product page"]]>
              </value>
            </param>
            <param index="1">
              <value>
                <![CDATA["Search and place orderfor product"]]>
              </value>
            </param>
          </params>
          <reporter-output>
          </reporter-output>
        </test-method> <!-- runScenario -->
        <test-method signature="runScenario(io.cucumber.testng.PickleWrapper,io.cucumber.testng.FeatureWrapper)[pri:0, instance:CucumberOptions.TestNGTestRunner@78e117e3]" started-at="2024-06-26T00:13:14 IST" name="runScenario" description="Runs Cucumber Scenarios" data-provider="scenarios" finished-at="2024-06-26T00:14:29 IST" duration-ms="75303" status="PASS">
          <params>
            <param index="0">
              <value>
                <![CDATA["Search experience for product in both home page and product page"]]>
              </value>
            </param>
            <param index="1">
              <value>
                <![CDATA["Search and place orderfor product"]]>
              </value>
            </param>
          </params>
          <reporter-output>
          </reporter-output>
        </test-method> <!-- runScenario -->
        <test-method is-config="true" signature="tearDownClass()[pri:0, instance:CucumberOptions.TestNGTestRunner@78e117e3]" started-at="2024-06-26T00:14:29 IST" name="tearDownClass" finished-at="2024-06-26T00:14:30 IST" duration-ms="1121" status="PASS">
          <reporter-output>
          </reporter-output>
        </test-method> <!-- tearDownClass -->
      </class> <!-- CucumberOptions.TestNGTestRunner -->
    </test> <!-- Surefire test -->
  </suite> <!-- Surefire suite -->
</testng-results>
