<?xml version="1.0" encoding="UTF-8"?>
<testng-results ignored="0" total="6" passed="6" failed="0" skipped="0">
  <reporter-output>
  </reporter-output>
  <suite started-at="2024-06-26T00:01:52 IST" name="Default suite" finished-at="2024-06-26T00:02:30 IST" duration-ms="37929">
    <groups>
      <group name="cucumber">
        <method signature="AbstractTestNGCucumberTests.runScenario(io.cucumber.testng.PickleWrapper,io.cucumber.testng.FeatureWrapper)[pri:0, instance:CucumberOptions.TestNGTestRunner@71e9ddb4]" name="runScenario" class="io.cucumber.testng.AbstractTestNGCucumberTests"/>
      </group> <!-- cucumber -->
    </groups>
    <test started-at="2024-06-26T00:01:52 IST" name="Default test" finished-at="2024-06-26T00:02:30 IST" duration-ms="37929">
      <class name="CucumberOptions.TestNGTestRunner">
        <test-method is-config="true" signature="setUpClass(org.testng.ITestContext)[pri:0, instance:CucumberOptions.TestNGTestRunner@71e9ddb4]" started-at="2024-06-26T00:01:52 IST" name="setUpClass" finished-at="2024-06-26T00:01:52 IST" duration-ms="631" status="PASS">
          <params>
            <param index="0">
              <value>
                <![CDATA[org.testng.TestRunner@75699e35]]>
              </value>
            </param>
          </params>
          <reporter-output>
          </reporter-output>
        </test-method> <!-- setUpClass -->
        <test-method signature="runScenario(io.cucumber.testng.PickleWrapper,io.cucumber.testng.FeatureWrapper)[pri:0, instance:CucumberOptions.TestNGTestRunner@71e9ddb4]" started-at="2024-06-26T00:01:52 IST" name="runScenario" description="Runs Cucumber Scenarios" data-provider="scenarios" finished-at="2024-06-26T00:02:29 IST" duration-ms="36120" status="PASS">
          <params>
            <param index="0">
              <value>
                <![CDATA["searching a product and proceed to checkout"]]>
              </value>
            </param>
            <param index="1">
              <value>
                <![CDATA["Checking out a product"]]>
              </value>
            </param>
          </params>
          <reporter-output>
          </reporter-output>
        </test-method> <!-- runScenario -->
        <test-method signature="runScenario(io.cucumber.testng.PickleWrapper,io.cucumber.testng.FeatureWrapper)[pri:0, instance:CucumberOptions.TestNGTestRunner@71e9ddb4]" started-at="2024-06-26T00:01:52 IST" name="runScenario" description="Runs Cucumber Scenarios" data-provider="scenarios" finished-at="2024-06-26T00:02:29 IST" duration-ms="36576" status="PASS">
          <params>
            <param index="0">
              <value>
                <![CDATA["Search experience for product in both home page and product page"]]>
              </value>
            </param>
            <param index="1">
              <value>
                <![CDATA["Search and place orderfor product"]]>
              </value>
            </param>
          </params>
          <reporter-output>
          </reporter-output>
        </test-method> <!-- runScenario -->
        <test-method signature="runScenario(io.cucumber.testng.PickleWrapper,io.cucumber.testng.FeatureWrapper)[pri:0, instance:CucumberOptions.TestNGTestRunner@71e9ddb4]" started-at="2024-06-26T00:01:52 IST" name="runScenario" description="Runs Cucumber Scenarios" data-provider="scenarios" finished-at="2024-06-26T00:02:29 IST" duration-ms="36235" status="PASS">
          <params>
            <param index="0">
              <value>
                <![CDATA["Search experience for product in both home page and product page"]]>
              </value>
            </param>
            <param index="1">
              <value>
                <![CDATA["Search and place orderfor product"]]>
              </value>
            </param>
          </params>
          <reporter-output>
          </reporter-output>
        </test-method> <!-- runScenario -->
        <test-method signature="runScenario(io.cucumber.testng.PickleWrapper,io.cucumber.testng.FeatureWrapper)[pri:0, instance:CucumberOptions.TestNGTestRunner@71e9ddb4]" started-at="2024-06-26T00:01:52 IST" name="runScenario" description="Runs Cucumber Scenarios" data-provider="scenarios" finished-at="2024-06-26T00:02:29 IST" duration-ms="36275" status="PASS">
          <params>
            <param index="0">
              <value>
                <![CDATA["Search experience for product in both home page and product page"]]>
              </value>
            </param>
            <param index="1">
              <value>
                <![CDATA["Search and place orderfor product"]]>
              </value>
            </param>
          </params>
          <reporter-output>
          </reporter-output>
        </test-method> <!-- runScenario -->
        <test-method signature="runScenario(io.cucumber.testng.PickleWrapper,io.cucumber.testng.FeatureWrapper)[pri:0, instance:CucumberOptions.TestNGTestRunner@71e9ddb4]" started-at="2024-06-26T00:01:52 IST" name="runScenario" description="Runs Cucumber Scenarios" data-provider="scenarios" finished-at="2024-06-26T00:02:29 IST" duration-ms="36574" status="PASS">
          <params>
            <param index="0">
              <value>
                <![CDATA["searching a product and proceed to checkout"]]>
              </value>
            </param>
            <param index="1">
              <value>
                <![CDATA["Checking out a product"]]>
              </value>
            </param>
          </params>
          <reporter-output>
          </reporter-output>
        </test-method> <!-- runScenario -->
        <test-method signature="runScenario(io.cucumber.testng.PickleWrapper,io.cucumber.testng.FeatureWrapper)[pri:0, instance:CucumberOptions.TestNGTestRunner@71e9ddb4]" started-at="2024-06-26T00:01:52 IST" name="runScenario" description="Runs Cucumber Scenarios" data-provider="scenarios" finished-at="2024-06-26T00:02:29 IST" duration-ms="36576" status="PASS">
          <params>
            <param index="0">
              <value>
                <![CDATA["searching a product and proceed to checkout"]]>
              </value>
            </param>
            <param index="1">
              <value>
                <![CDATA["Checking out a product"]]>
              </value>
            </param>
          </params>
          <reporter-output>
          </reporter-output>
        </test-method> <!-- runScenario -->
        <test-method is-config="true" signature="tearDownClass()[pri:0, instance:CucumberOptions.TestNGTestRunner@71e9ddb4]" started-at="2024-06-26T00:02:29 IST" name="tearDownClass" finished-at="2024-06-26T00:02:30 IST" duration-ms="619" status="PASS">
          <reporter-output>
          </reporter-output>
        </test-method> <!-- tearDownClass -->
      </class> <!-- CucumberOptions.TestNGTestRunner -->
    </test> <!-- Default test -->
  </suite> <!-- Default suite -->
</testng-results>
